
SQL*Loader: Release 11.2.0.2.0 - Production on Vie Sep 4 21:46:32 2020

Copyright (c) 1982, 2009, Oracle and/or its affiliates.  All rights reserved.

Control File:   CTL_ENTIDAD_FINANCIERA.ctl
Data File:      DATA_ENTIDADESFINANCIERAS.txt
  Bad File:     DATA_ENTIDADESFINANCIERAS.bad
  Discard File:  none specified
 
 (Allow all discards)

Number to load: ALL
Number to skip: 1
Errors allowed: 50
Bind array:     64 rows, maximum of 256000 bytes
Continuation:    none specified
Path used:      Conventional

Table TMP_ENTIDAD_FINANCIERA, loaded from every logical record.
Insert option in effect for this table: TRUNCATE
TRAILING NULLCOLS option in effect

   Column Name                  Position   Len  Term Encl Datatype
------------------------------ ---------- ----- ---- ---- ---------------------
CODEMPRE                            FIRST     *  WHT      CHARACTER            
BANCO                                NEXT     *  WHT      CHARACTER            
BNK                                  NEXT     *  WHT      CHARACTER            
TIPO                                 NEXT     *  WHT      CHARACTER            
TIPOCOMPETENCIA                      NEXT     *  WHT      CHARACTER            
TIPOCOMPETENCIA2                     NEXT     *  WHT      CHARACTER            


Table TMP_ENTIDAD_FINANCIERA:
  115 Rows successfully loaded.
  0 Rows not loaded due to data errors.
  0 Rows not loaded because all WHEN clauses were failed.
  0 Rows not loaded because all fields were null.


Space allocated for bind array:                  99072 bytes(64 rows)
Read   buffer bytes: 1048576

Total logical records skipped:          1
Total logical records read:           115
Total logical records rejected:         0
Total logical records discarded:        0

Run began on Vie Sep 04 21:46:32 2020
Run ended on Vie Sep 04 21:46:32 2020

Elapsed time was:     00:00:00.13
CPU time was:         00:00:00.03
